<?xml version="1.0" encoding="UTF-8"?>
<!-- Generated by org.testng.reporters.JUnitReportReporter -->
<testsuite hostname="MSI" failures="0" tests="1" name="takeScreenshotExample.AmazonWishList" time="1.910" errors="0" timestamp="20 Jul 2023 07:06:04 GMT">
  <testcase classname="takeScreenshotExample.AmazonWishList" name="verifyWishList" time="1.910"/>
</testsuite> <!-- takeScreenshotExample.AmazonWishList -->
