<?xml version="1.0" encoding="UTF-8"?>
<!-- Generated by org.testng.reporters.JUnitReportReporter -->
<testsuite hostname="MSI" failures="0" tests="1" name="actionExample.FlipKartApp" time="8.312" errors="0" timestamp="2023-07-19T11:24:09 IST" skipped="0">
  <testcase classname="actionExample.FlipKartApp" name="verifyWishList" time="8.312"/>
  <system-out/>
</testsuite> <!-- actionExample.FlipKartApp -->
