<?xml version="1.0" encoding="UTF-8"?>
<!-- Generated by org.testng.reporters.JUnitReportReporter -->
<testsuite hostname="MSI" failures="0" tests="3" name="crossBrowserTestNG.NOPCommApp" time="46.543" errors="0" timestamp="2023-07-19T13:03:59 IST" skipped="0">
  <testcase classname="crossBrowserTestNG.NOPCommApp" name="verifyLoginTest" time="15.424"/>
  <system-out/>
  <testcase classname="crossBrowserTestNG.NOPCommApp" name="verifyLoginTest" time="15.702"/>
  <system-out/>
  <testcase classname="crossBrowserTestNG.NOPCommApp" name="verifyLoginTest" time="15.417"/>
  <system-out/>
</testsuite> <!-- crossBrowserTestNG.NOPCommApp -->
