<?xml version="1.0" encoding="UTF-8"?>
<!-- Generated by org.testng.reporters.JUnitReportReporter -->
<testsuite hostname="MSI" failures="0" tests="1" name="javascriptExample.SmapleAppDisabled" time="4.234" errors="0" timestamp="20 Jul 2023 07:19:02 GMT">
  <testcase classname="javascriptExample.SmapleAppDisabled" name="verifyInputbox" time="4.234"/>
</testsuite> <!-- javascriptExample.SmapleAppDisabled -->
