<?xml version="1.0" encoding="UTF-8"?>
<!-- Generated by org.testng.reporters.JUnitReportReporter -->
<testsuite hostname="MSI" failures="0" tests="1" name="crossBrowserTest.NOPCommApp" time="15.611" errors="0" timestamp="2023-07-14T11:58:27 IST" skipped="0">
  <testcase classname="crossBrowserTest.NOPCommApp" name="verifyLoginTest" time="15.611"/>
  <system-out/>
</testsuite> <!-- crossBrowserTest.NOPCommApp -->
