<?xml version="1.0" encoding="UTF-8"?>
<!-- Generated by org.testng.reporters.JUnitReportReporter -->
<testsuite hostname="MSI" failures="0" tests="1" name="handleIRCTC.verifyHotelBooking" time="40.602" errors="0" timestamp="2023-07-17T13:19:38 IST" skipped="0">
  <testcase classname="handleIRCTC.verifyHotelBooking" name="verifyLoginTest" time="40.602"/>
  <system-out/>
</testsuite> <!-- handleIRCTC.verifyHotelBooking -->
