<?xml version="1.0" encoding="UTF-8"?>
<!-- Generated by org.testng.reporters.JUnitReportReporter -->
<testsuite hostname="MSI" failures="0" tests="1" name="rutoExample.NOPCOmmApp" time="0.437" errors="0" timestamp="2023-07-19T11:38:32 IST" skipped="0">
  <testcase classname="rutoExample.NOPCOmmApp" name="verifyWishList" time="0.437"/>
  <system-out/>
</testsuite> <!-- rutoExample.NOPCOmmApp -->
