<?xml version="1.0" encoding="UTF-8"?>
<!-- Generated by org.testng.reporters.JUnitReportReporter -->
<testsuite hostname="MSI" failures="0" tests="1" name="actionExample.AmazonWishList" time="1.457" errors="0" timestamp="2023-07-18T12:25:41 IST" skipped="0">
  <testcase classname="actionExample.AmazonWishList" name="verifyWishList" time="1.457"/>
  <system-out/>
</testsuite> <!-- actionExample.AmazonWishList -->
