<?xml version="1.0" encoding="UTF-8"?>
<!-- Generated by org.testng.reporters.JUnitReportReporter -->
<testsuite hostname="MSI" failures="0" tests="1" name="controlExample.HandleAlert2" time="12.187" errors="0" timestamp="2023-07-17T12:40:44 IST" skipped="0">
  <testcase classname="controlExample.HandleAlert2" name="PromptAlert" time="12.187"/>
  <system-out/>
</testsuite> <!-- controlExample.HandleAlert2 -->
