<?xml version="1.0" encoding="UTF-8"?>
<!-- Generated by org.testng.reporters.JUnitReportReporter -->
<testsuite hostname="MSI" failures="0" tests="1" name="handleFrame.verifyPayTMApp" time="5.354" errors="0" timestamp="2023-07-18T13:13:42 IST" skipped="0">
  <testcase classname="handleFrame.verifyPayTMApp" name="verifyLoginTest" time="5.354"/>
  <system-out/>
</testsuite> <!-- handleFrame.verifyPayTMApp -->
