<?xml version="1.0" encoding="UTF-8"?>
<!-- Generated by org.testng.reporters.JUnitReportReporter -->
<testsuite hostname="MSI" failures="0" tests="1" name="xpathAxisExample.SampleWebTable" time="8.050" errors="0" timestamp="2023-07-19T12:35:04 IST" skipped="0">
  <testcase classname="xpathAxisExample.SampleWebTable" name="verifyWishList" time="8.050"/>
  <system-out/>
</testsuite> <!-- xpathAxisExample.SampleWebTable -->
