<?xml version="1.0" encoding="UTF-8"?>
<!-- Generated by org.testng.reporters.JUnitReportReporter -->
<testsuite hostname="MSI" failures="0" tests="1" name="conditionWaitExample.ConditionalWaitAlertExample" time="10.330" errors="0" timestamp="20 Jul 2023 07:35:37 GMT">
  <testcase classname="conditionWaitExample.ConditionalWaitAlertExample" name="loginlogout" time="10.330"/>
</testsuite> <!-- conditionWaitExample.ConditionalWaitAlertExample -->
