<?xml version="1.0" encoding="UTF-8"?>
<!-- Generated by org.testng.reporters.JUnitReportReporter -->
<testsuite hostname="MSI" failures="0" tests="1" name="headlessExample.NOPCommApp" time="23.064" errors="0" timestamp="2023-07-20T11:17:13 IST" skipped="0">
  <testcase classname="headlessExample.NOPCommApp" name="verifyLoginTest" time="23.064"/>
  <system-out/>
</testsuite> <!-- headlessExample.NOPCommApp -->
