<?xml version="1.0" encoding="UTF-8"?>
<!-- Generated by org.testng.reporters.JUnitReportReporter -->
<testsuite hostname="MSI" failures="0" tests="1" name="conditionWaitExample.VerifyLogin" time="4.725" errors="0" timestamp="20 Jul 2023 07:28:48 GMT">
  <testcase classname="conditionWaitExample.VerifyLogin" name="loginlogout" time="4.725"/>
</testsuite> <!-- conditionWaitExample.VerifyLogin -->
