<?xml version="1.0" encoding="UTF-8"?>
<!-- Generated by org.testng.reporters.JUnitReportReporter -->
<testsuite hostname="MSI" failures="0" tests="2" name="controlExample.HandleradioButtonCheckBox" time="15.146" errors="0" timestamp="2023-07-14T13:03:55 IST" skipped="0">
  <testcase classname="controlExample.HandleradioButtonCheckBox" name="verifyCheckbox" time="10.083"/>
  <system-out/>
  <testcase classname="controlExample.HandleradioButtonCheckBox" name="verifyRadioButton" time="5.063"/>
  <system-out/>
</testsuite> <!-- controlExample.HandleradioButtonCheckBox -->
