<?xml version="1.0" encoding="UTF-8"?>
<!-- Generated by org.testng.reporters.JUnitReportReporter -->
<testsuite hostname="MSI" failures="0" tests="2" name="controlExample.HandleListbox" time="33.676" errors="0" timestamp="2023-07-14T13:20:10 IST" skipped="0">
  <testcase classname="controlExample.HandleListbox" name="verifyCountryList" time="17.320"/>
  <system-out/>
  <testcase classname="controlExample.HandleListbox" name="verifyCarList" time="16.356"/>
  <system-out/>
</testsuite> <!-- controlExample.HandleListbox -->
