<?xml version="1.0" encoding="UTF-8"?>
<!-- Generated by org.testng.reporters.JUnitReportReporter -->
<testsuite hostname="MSI" failures="0" tests="6" name="unitExample.PriorityExample" time="0.010" errors="0" timestamp="2023-07-19T13:22:06 IST" skipped="1">
  <testcase classname="unitExample.PriorityExample" name="login" time="0.004"/>
  <system-out/>
  <testcase classname="unitExample.PriorityExample" name="addItem" time="0.002"/>
  <system-out/>
  <testcase classname="unitExample.PriorityExample" name="payment" time="0.001"/>
  <system-out/>
  <testcase classname="unitExample.PriorityExample" name="searchItem" time="0.001"/>
  <system-out/>
  <testcase classname="unitExample.PriorityExample" name="logout" time="0.002"/>
  <system-out/>
  <testcase classname="unitExample.PriorityExample" name="cancelOrder">
    <skipped/>
  </testcase> <!-- cancelOrder -->
  <system-out/>
</testsuite> <!-- unitExample.PriorityExample -->
