<?xml version="1.0" encoding="UTF-8"?>
<!-- Generated by org.testng.reporters.JUnitReportReporter -->
<testsuite hostname="MSI" failures="0" tests="1" name="actionExample.DragDropTest" time="4.792" errors="0" timestamp="2023-07-18T12:54:16 IST" skipped="0">
  <testcase classname="actionExample.DragDropTest" name="verifyWishList" time="4.792"/>
  <system-out/>
</testsuite> <!-- actionExample.DragDropTest -->
