<?xml version="1.0" encoding="UTF-8"?>
<!-- Generated by org.testng.reporters.JUnitReportReporter -->
<testsuite hostname="MSI" failures="0" tests="1" name="unitExample.AmazonTest_TestNG" time="0.003" errors="0" timestamp="2023-07-14T11:46:52 IST" skipped="0">
  <testcase classname="unitExample.AmazonTest_TestNG" name="searchItem" time="0.003"/>
  <system-out/>
</testsuite> <!-- unitExample.AmazonTest_TestNG -->
