<?xml version="1.0" encoding="UTF-8"?>
<!-- Generated by org.testng.reporters.JUnitReportReporter -->
<testsuite hostname="MSI" failures="0" tests="1" name="tests.LoginTest" time="10.722" errors="0" timestamp="24 Jul 2023 06:01:29 GMT">
  <testcase classname="tests.LoginTest" name="verifyLoginFeature" time="10.722"/>
</testsuite> <!-- tests.LoginTest -->
