<?xml version="1.0" encoding="UTF-8"?>
<!-- Generated by org.testng.reporters.JUnitReportReporter -->
<testsuite hostname="MSI" failures="0" tests="1" name="controlExample.HandleAlert" time="10.135" errors="0" timestamp="2023-07-17T12:30:28 IST" skipped="0">
  <testcase classname="controlExample.HandleAlert" name="PromptAlert" time="10.135"/>
  <system-out/>
</testsuite> <!-- controlExample.HandleAlert -->
