<?xml version="1.0" encoding="UTF-8"?>
<!-- Generated by org.testng.reporters.JUnitReportReporter -->
<testsuite hostname="MSI" failures="0" tests="4" name="ddtExample.NOpCommLogin" time="52.165" errors="0" timestamp="21 Jul 2023 06:08:43 GMT">
  <testcase classname="ddtExample.NOpCommLogin" name="verifyLoginWithInvalidcred" time="13.454"/>
  <testcase classname="ddtExample.NOpCommLogin" name="verifyLoginWithInvalidcred" time="12.869"/>
  <testcase classname="ddtExample.NOpCommLogin" name="verifyLoginWithInvalidcred" time="12.846"/>
  <testcase classname="ddtExample.NOpCommLogin" name="verifyLoginWithInvalidcred" time="12.996"/>
</testsuite> <!-- ddtExample.NOpCommLogin -->
