<?xml version="1.0" encoding="UTF-8"?>
<!-- Generated by org.testng.reporters.JUnitReportReporter -->
<testsuite hostname="MSI" failures="0" tests="1" name="logExampleTestNG.NOPCommApp" time="21.102" errors="0" timestamp="2023-07-19T12:49:01 IST" skipped="0">
  <testcase classname="logExampleTestNG.NOPCommApp" name="verifyLoginTest" time="21.102"/>
  <system-out/>
</testsuite> <!-- logExampleTestNG.NOPCommApp -->
