<?xml version="1.0" encoding="UTF-8"?>
<!-- Generated by org.testng.reporters.JUnitReportReporter -->
<testsuite hostname="MSI" failures="0" tests="1" name="controlExample.HandleradioButtonCheckBox_findElementsExample" time="12.126" errors="0" timestamp="2023-07-14T13:00:22 IST" skipped="0">
  <testcase classname="controlExample.HandleradioButtonCheckBox_findElementsExample" name="verifyCheckbox" time="12.126"/>
  <system-out/>
</testsuite> <!-- controlExample.HandleradioButtonCheckBox_findElementsExample -->
