<?xml version="1.0" encoding="UTF-8"?>
<!-- Generated by org.testng.reporters.JUnitReportReporter -->
<testsuite hostname="DESKTOP-QNHJ5Q7" name="logExampleTestNG.NOPCommApp" tests="1" failures="0" timestamp="3 Aug 2023 01:00:18 GMT" time="17.891" errors="0">
  <testcase name="verifyLoginTest" time="17.891" classname="logExampleTestNG.NOPCommApp"/>
</testsuite> <!-- logExampleTestNG.NOPCommApp -->
